<?xml version="1.0" encoding="UTF-8"?>
<!-- Generated by org.testng.reporters.JUnitReportReporter -->
<testsuite hostname="ALPWAPGST7929" failures="0" tests="1" name="TESTING.E2EProject.TC_02_Login" time="2.327" errors="0" timestamp="2020-12-30T07:28:43 EST" skipped="0">
  <testcase classname="TESTING.E2EProject.TC_02_Login" name="baseLogin" time="2.327"/>
  <system-out/>
</testsuite> <!-- TESTING.E2EProject.TC_02_Login -->
